Using pre-set license
Built from '2020.2/release' branch; Version is '2020.2.2f1 (068178b99f32) revision 426360'; Using compiler version '192528614'; Build Type 'Release'
OS: 'Windows 10 Home; OS build 22621.1265; Version 2009; 64bit' Language: 'en' Physical Memory: 32602 MB
BatchMode: 1, IsHumanControllingUs: 0, StartBugReporterOnCrash: 0, Is64bit: 1, IsPro: 0

 COMMAND LINE ARGUMENTS:
C:\Program Files\Unity2020\Editor\Unity.exe
-adb2
-batchMode
-noUpm
-name
AssetImportWorker0
-projectPath
C:/Users/Saleh/Downloads/BLAHHH/BLAHHH
-logFile
Logs/AssetImportWorker0.log
-srvPort
59219
Successfully changed project path to: C:/Users/Saleh/Downloads/BLAHHH/BLAHHH
C:/Users/Saleh/Downloads/BLAHHH/BLAHHH
Using Asset Import Pipeline V2.
Refreshing native plugins compatible for Editor in 33.57 ms, found 0 plugins.
Preloading 0 native plugins for Editor in 0.00 ms.
Initialize engine version: 2020.2.2f1 (068178b99f32)
[Subsystems] Discovering subsystems at path C:/Program Files/Unity2020/Editor/Data/Resources/UnitySubsystems
[Subsystems] Discovering subsystems at path C:/Users/Saleh/Downloads/BLAHHH/BLAHHH/Assets
GfxDevice: creating device client; threaded=0
Direct3D:
    Version:  Direct3D 11.0 [level 11.1]
    Renderer: NVIDIA GeForce RTX 3050 Ti Laptop GPU (ID=0x25a0)
    Vendor:   
    VRAM:     3993 MB
    Driver:   31.0.15.1659
Initialize mono
Mono path[0] = 'C:/Program Files/Unity2020/Editor/Data/Managed'
Mono path[1] = 'C:/Program Files/Unity2020/Editor/Data/MonoBleedingEdge/lib/mono/unityjit'
Mono config path = 'C:/Program Files/Unity2020/Editor/Data/MonoBleedingEdge/etc'
Using monoOptions --debugger-agent=transport=dt_socket,embedding=1,server=y,suspend=n,address=127.0.0.1:56016
Begin MonoManager ReloadAssembly
Registering precompiled unity dll's ...
Register platform support module: C:/Program Files/Unity2020/Editor/Data/PlaybackEngines/MacStandaloneSupport/UnityEditor.OSXStandalone.Extensions.dll
Register platform support module: C:/Program Files/Unity2020/Editor/Data/PlaybackEngines/WindowsStandaloneSupport/UnityEditor.WindowsStandalone.Extensions.dll
Register platform support module: C:/Program Files/Unity2020/Editor/Data/PlaybackEngines/LinuxStandaloneSupport/UnityEditor.LinuxStandalone.Extensions.dll
Registered in 0.001285 seconds.
Native extension for LinuxStandalone target not found
Native extension for WindowsStandalone target not found
Native extension for OSXStandalone target not found
Refreshing native plugins compatible for Editor in 32.84 ms, found 0 plugins.
Preloading 0 native plugins for Editor in 0.00 ms.
Invoked RoslynAnalysisRunner static constructor.
RoslynAnalysisRunner will not be running.
RoslynAnalysisRunner has terminated.
Mono: successfully reloaded assembly
- Completed reload, in  0.753 seconds
Platform modules already initialized, skipping
Registering precompiled user dll's ...
Registered in 0.000796 seconds.
Begin MonoManager ReloadAssembly
Native extension for LinuxStandalone target not found
Native extension for WindowsStandalone target not found
Native extension for OSXStandalone target not found
Refreshing native plugins compatible for Editor in 0.63 ms, found 0 plugins.
Preloading 0 native plugins for Editor in 0.00 ms.
Invoked RoslynAnalysisRunner static constructor.
RoslynAnalysisRunner will not be running.
RoslynAnalysisRunner has terminated.
Mono: successfully reloaded assembly
- Completed reload, in  0.787 seconds
Platform modules already initialized, skipping
========================================================================
Worker process is ready to serve import requests
Launched and connected shader compiler UnityShaderCompiler.exe after 0.04 seconds
Refreshing native plugins compatible for Editor in 0.44 ms, found 0 plugins.
Preloading 0 native plugins for Editor in 0.00 ms.
Unloading 3574 Unused Serialized files (Serialized files now loaded: 0)
System memory in use before: 112.4 MB.
System memory in use after: 112.5 MB.

Unloading 21 unused Assets to reduce memory usage. Loaded Objects now: 4006.
Total: 1.703600 ms (FindLiveObjects: 0.271500 ms CreateObjectMapping: 0.126900 ms MarkObjects: 1.217800 ms  DeleteObjects: 0.086300 ms)

========================================================================
Received Import Request.
  path: Assets/Scripts/Assembly-CSharp/HutongGames/PlayMaker/Actions/SetGUITextureColor.cs
  artifactKey: Guid(3b267017ad563fe4f89a2548ab12b67e) Importer(815301076,1909f56bfc062723c751e8b465ee728b)
Start importing Assets/Scripts/Assembly-CSharp/HutongGames/PlayMaker/Actions/SetGUITextureColor.cs using Guid(3b267017ad563fe4f89a2548ab12b67e) Importer(815301076,1909f56bfc062723c751e8b465ee728b)  -> (artifact id: 'd00989839467a9332d819b6ecc2e3f86') in 0.034815 seconds
  Import took 0.039815 seconds .

========================================================================
Received Import Request.
  Time since last request: 7.474558 seconds.
  path: Assets/Scripts/Assembly-CSharp/HutongGames/PlayMaker/Actions/SetGUITextureAlpha.cs
  artifactKey: Guid(707ab72123de12b4592370be2d043b9e) Importer(815301076,1909f56bfc062723c751e8b465ee728b)
Start importing Assets/Scripts/Assembly-CSharp/HutongGames/PlayMaker/Actions/SetGUITextureAlpha.cs using Guid(707ab72123de12b4592370be2d043b9e) Importer(815301076,1909f56bfc062723c751e8b465ee728b)  -> (artifact id: '4d8278959cd8d8014fd032f0ee2cf3d8') in 0.017485 seconds
  Import took 0.022554 seconds .

========================================================================
Received Import Request.
  Time since last request: 5.396789 seconds.
  path: Assets/Scripts/Assembly-CSharp/HutongGames/PlayMaker/Actions/SetGUITexture.cs
  artifactKey: Guid(0e818527a278ab244bdcbe0f61ebe4ed) Importer(815301076,1909f56bfc062723c751e8b465ee728b)
Start importing Assets/Scripts/Assembly-CSharp/HutongGames/PlayMaker/Actions/SetGUITexture.cs using Guid(0e818527a278ab244bdcbe0f61ebe4ed) Importer(815301076,1909f56bfc062723c751e8b465ee728b)  -> (artifact id: '967388527d52de8b14f77778f716b84f') in 0.008005 seconds
  Import took 0.013106 seconds .

========================================================================
Received Import Request.
  Time since last request: 5.540608 seconds.
  path: Assets/Scripts/Assembly-CSharp/HutongGames/PlayMaker/Actions/SetGUIText.cs
  artifactKey: Guid(e74c56eaa5d8e3547b2caf0ddc7255f0) Importer(815301076,1909f56bfc062723c751e8b465ee728b)
Start importing Assets/Scripts/Assembly-CSharp/HutongGames/PlayMaker/Actions/SetGUIText.cs using Guid(e74c56eaa5d8e3547b2caf0ddc7255f0) Importer(815301076,1909f56bfc062723c751e8b465ee728b)  -> (artifact id: 'c15c5a21a2500693e09df560a1600545') in 0.018524 seconds
  Import took 0.023740 seconds .

========================================================================
Received Import Request.
  Time since last request: 4.353556 seconds.
  path: Assets/Scripts/Assembly-CSharp/HutongGames/PlayMaker/Actions/NetworkSetLogLevel.cs
  artifactKey: Guid(ac288ee95ca2a9144ab1afefd6afa691) Importer(815301076,1909f56bfc062723c751e8b465ee728b)
Start importing Assets/Scripts/Assembly-CSharp/HutongGames/PlayMaker/Actions/NetworkSetLogLevel.cs using Guid(ac288ee95ca2a9144ab1afefd6afa691) Importer(815301076,1909f56bfc062723c751e8b465ee728b)  -> (artifact id: 'a06d806fb80a1f83953b5388a3e0210d') in 0.014491 seconds
  Import took 0.019862 seconds .

========================================================================
Received Import Request.
  Time since last request: 5.189059 seconds.
  path: Assets/Scripts/Assembly-CSharp/HutongGames/PlayMaker/Actions/NetworkDestroy.cs
  artifactKey: Guid(6896a133ffa86e347a27c9250da1aad3) Importer(815301076,1909f56bfc062723c751e8b465ee728b)
Start importing Assets/Scripts/Assembly-CSharp/HutongGames/PlayMaker/Actions/NetworkDestroy.cs using Guid(6896a133ffa86e347a27c9250da1aad3) Importer(815301076,1909f56bfc062723c751e8b465ee728b)  -> (artifact id: '0486f93f230cd736ad86094e10312524') in 0.015884 seconds
  Import took 0.021135 seconds .

========================================================================
Received Prepare
Registering precompiled user dll's ...
Registered in 0.001215 seconds.
Begin MonoManager ReloadAssembly
Native extension for LinuxStandalone target not found
Native extension for WindowsStandalone target not found
Native extension for OSXStandalone target not found
Refreshing native plugins compatible for Editor in 0.42 ms, found 0 plugins.
Preloading 0 native plugins for Editor in 0.00 ms.
Invoked RoslynAnalysisRunner static constructor.
RoslynAnalysisRunner will not be running.
RoslynAnalysisRunner has terminated.
Mono: successfully reloaded assembly
- Completed reload, in  0.632 seconds
Platform modules already initialized, skipping
Refreshing native plugins compatible for Editor in 0.42 ms, found 0 plugins.
Preloading 0 native plugins for Editor in 0.00 ms.
Unloading 3561 Unused Serialized files (Serialized files now loaded: 0)
System memory in use before: 113.5 MB.
System memory in use after: 113.7 MB.

Unloading 21 unused Assets to reduce memory usage. Loaded Objects now: 4002.
Total: 2.149900 ms (FindLiveObjects: 0.418500 ms CreateObjectMapping: 0.247300 ms MarkObjects: 1.379400 ms  DeleteObjects: 0.103500 ms)

========================================================================
Received Prepare
Refreshing native plugins compatible for Editor in 0.83 ms, found 0 plugins.
Preloading 0 native plugins for Editor in 0.00 ms.
Unloading 13 Unused Serialized files (Serialized files now loaded: 0)
System memory in use before: 43.7 MB.
System memory in use after: 43.9 MB.

Unloading 13 unused Assets to reduce memory usage. Loaded Objects now: 4002.
Total: 2.100200 ms (FindLiveObjects: 0.464200 ms CreateObjectMapping: 0.210300 ms MarkObjects: 1.336800 ms  DeleteObjects: 0.087200 ms)

========================================================================
Received Prepare
Refreshing native plugins compatible for Editor in 0.80 ms, found 0 plugins.
Preloading 0 native plugins for Editor in 0.00 ms.
Unloading 13 Unused Serialized files (Serialized files now loaded: 0)
System memory in use before: 43.8 MB.
System memory in use after: 44.0 MB.

Unloading 13 unused Assets to reduce memory usage. Loaded Objects now: 4002.
Total: 1.687800 ms (FindLiveObjects: 0.264800 ms CreateObjectMapping: 0.123800 ms MarkObjects: 1.215600 ms  DeleteObjects: 0.082600 ms)

========================================================================
Received Prepare
Refreshing native plugins compatible for Editor in 1.00 ms, found 0 plugins.
Preloading 0 native plugins for Editor in 0.00 ms.
Unloading 13 Unused Serialized files (Serialized files now loaded: 0)
System memory in use before: 43.9 MB.
System memory in use after: 44.1 MB.

Unloading 13 unused Assets to reduce memory usage. Loaded Objects now: 4002.
Total: 2.096000 ms (FindLiveObjects: 0.537100 ms CreateObjectMapping: 0.206800 ms MarkObjects: 1.247600 ms  DeleteObjects: 0.103500 ms)

========================================================================
Received Prepare
Refreshing native plugins compatible for Editor in 1.26 ms, found 0 plugins.
Preloading 0 native plugins for Editor in 0.00 ms.
Unloading 13 Unused Serialized files (Serialized files now loaded: 0)
System memory in use before: 44.0 MB.
System memory in use after: 44.2 MB.

Unloading 13 unused Assets to reduce memory usage. Loaded Objects now: 4002.
Total: 2.075400 ms (FindLiveObjects: 0.310500 ms CreateObjectMapping: 0.105700 ms MarkObjects: 1.538300 ms  DeleteObjects: 0.119300 ms)

========================================================================
Received Prepare
Refreshing native plugins compatible for Editor in 0.91 ms, found 0 plugins.
Preloading 0 native plugins for Editor in 0.00 ms.
Unloading 13 Unused Serialized files (Serialized files now loaded: 0)
System memory in use before: 44.1 MB.
System memory in use after: 44.3 MB.

Unloading 13 unused Assets to reduce memory usage. Loaded Objects now: 4002.
Total: 1.624100 ms (FindLiveObjects: 0.269300 ms CreateObjectMapping: 0.104200 ms MarkObjects: 1.166900 ms  DeleteObjects: 0.082400 ms)

========================================================================
Received Prepare
Refreshing native plugins compatible for Editor in 0.81 ms, found 0 plugins.
Preloading 0 native plugins for Editor in 0.00 ms.
Unloading 13 Unused Serialized files (Serialized files now loaded: 0)
System memory in use before: 44.2 MB.
System memory in use after: 44.4 MB.

Unloading 13 unused Assets to reduce memory usage. Loaded Objects now: 4002.
Total: 2.572000 ms (FindLiveObjects: 0.389200 ms CreateObjectMapping: 0.116400 ms MarkObjects: 1.950300 ms  DeleteObjects: 0.114200 ms)

========================================================================
Received Prepare
Refreshing native plugins compatible for Editor in 0.89 ms, found 0 plugins.
Preloading 0 native plugins for Editor in 0.00 ms.
Unloading 13 Unused Serialized files (Serialized files now loaded: 0)
System memory in use before: 44.3 MB.
System memory in use after: 44.5 MB.

Unloading 13 unused Assets to reduce memory usage. Loaded Objects now: 4002.
Total: 2.120300 ms (FindLiveObjects: 0.498000 ms CreateObjectMapping: 0.197100 ms MarkObjects: 1.323500 ms  DeleteObjects: 0.100400 ms)

========================================================================
Received Prepare
Refreshing native plugins compatible for Editor in 0.85 ms, found 0 plugins.
Preloading 0 native plugins for Editor in 0.00 ms.
Unloading 13 Unused Serialized files (Serialized files now loaded: 0)
System memory in use before: 44.3 MB.
System memory in use after: 44.5 MB.

Unloading 13 unused Assets to reduce memory usage. Loaded Objects now: 4002.
Total: 1.651800 ms (FindLiveObjects: 0.287400 ms CreateObjectMapping: 0.115800 ms MarkObjects: 1.180500 ms  DeleteObjects: 0.066900 ms)

========================================================================
Received Prepare
Refreshing native plugins compatible for Editor in 1.35 ms, found 0 plugins.
Preloading 0 native plugins for Editor in 0.00 ms.
Unloading 13 Unused Serialized files (Serialized files now loaded: 0)
System memory in use before: 44.4 MB.
System memory in use after: 44.6 MB.

Unloading 13 unused Assets to reduce memory usage. Loaded Objects now: 4002.
Total: 1.466300 ms (FindLiveObjects: 0.296800 ms CreateObjectMapping: 0.093300 ms MarkObjects: 1.011200 ms  DeleteObjects: 0.063900 ms)

========================================================================
Received Prepare
Refreshing native plugins compatible for Editor in 1.07 ms, found 0 plugins.
Preloading 0 native plugins for Editor in 0.00 ms.
Unloading 13 Unused Serialized files (Serialized files now loaded: 0)
System memory in use before: 44.5 MB.
System memory in use after: 44.7 MB.

Unloading 13 unused Assets to reduce memory usage. Loaded Objects now: 4002.
Total: 2.290100 ms (FindLiveObjects: 0.292700 ms CreateObjectMapping: 0.110500 ms MarkObjects: 1.801300 ms  DeleteObjects: 0.084300 ms)

========================================================================
Received Import Request.
  Time since last request: 1482.983969 seconds.
  path: Assets/Scene/gg dryya.unity
  artifactKey: Guid(0d59168f9b3a32f4483a22d3968a0492) Importer(815301076,1909f56bfc062723c751e8b465ee728b)
Start importing Assets/Scene/gg dryya.unity using Guid(0d59168f9b3a32f4483a22d3968a0492) Importer(815301076,1909f56bfc062723c751e8b465ee728b)  -> (artifact id: 'b17d423463cb016a188472318b66c795') in 0.022992 seconds
  Import took 0.028209 seconds .

========================================================================
Received Prepare
Refreshing native plugins compatible for Editor in 0.95 ms, found 0 plugins.
Preloading 0 native plugins for Editor in 0.00 ms.
Unloading 13 Unused Serialized files (Serialized files now loaded: 0)
System memory in use before: 44.6 MB.
System memory in use after: 44.8 MB.

Unloading 13 unused Assets to reduce memory usage. Loaded Objects now: 4002.
Total: 2.790700 ms (FindLiveObjects: 0.444200 ms CreateObjectMapping: 0.132400 ms MarkObjects: 2.121800 ms  DeleteObjects: 0.090800 ms)

========================================================================
Received Prepare
Refreshing native plugins compatible for Editor in 0.80 ms, found 0 plugins.
Preloading 0 native plugins for Editor in 0.00 ms.
Unloading 13 Unused Serialized files (Serialized files now loaded: 0)
System memory in use before: 44.7 MB.
System memory in use after: 44.9 MB.

Unloading 13 unused Assets to reduce memory usage. Loaded Objects now: 4002.
Total: 1.895000 ms (FindLiveObjects: 0.332100 ms CreateObjectMapping: 0.100400 ms MarkObjects: 1.382500 ms  DeleteObjects: 0.079100 ms)

========================================================================
Received Prepare
Refreshing native plugins compatible for Editor in 0.73 ms, found 0 plugins.
Preloading 0 native plugins for Editor in 0.00 ms.
Unloading 13 Unused Serialized files (Serialized files now loaded: 0)
System memory in use before: 44.8 MB.
System memory in use after: 45.0 MB.

Unloading 13 unused Assets to reduce memory usage. Loaded Objects now: 4002.
Total: 2.283700 ms (FindLiveObjects: 0.286000 ms CreateObjectMapping: 0.107700 ms MarkObjects: 1.823100 ms  DeleteObjects: 0.065800 ms)

========================================================================
Received Prepare
Refreshing native plugins compatible for Editor in 0.73 ms, found 0 plugins.
Preloading 0 native plugins for Editor in 0.00 ms.
Unloading 13 Unused Serialized files (Serialized files now loaded: 0)
System memory in use before: 44.9 MB.
System memory in use after: 45.1 MB.

Unloading 13 unused Assets to reduce memory usage. Loaded Objects now: 4002.
Total: 2.461200 ms (FindLiveObjects: 0.701100 ms CreateObjectMapping: 0.233100 ms MarkObjects: 1.450100 ms  DeleteObjects: 0.075300 ms)

========================================================================
Received Prepare
Refreshing native plugins compatible for Editor in 0.79 ms, found 0 plugins.
Preloading 0 native plugins for Editor in 0.00 ms.
Unloading 13 Unused Serialized files (Serialized files now loaded: 0)
System memory in use before: 45.0 MB.
System memory in use after: 45.2 MB.

Unloading 13 unused Assets to reduce memory usage. Loaded Objects now: 4002.
Total: 1.985200 ms (FindLiveObjects: 0.253300 ms CreateObjectMapping: 0.100300 ms MarkObjects: 1.564700 ms  DeleteObjects: 0.065100 ms)

========================================================================
Received Import Request.
  Time since last request: 962.782777 seconds.
  path: Assets/Scene/gg hegemol.unity
  artifactKey: Guid(fd3d3a5743e1984419c43a3858c99074) Importer(815301076,1909f56bfc062723c751e8b465ee728b)
Start importing Assets/Scene/gg hegemol.unity using Guid(fd3d3a5743e1984419c43a3858c99074) Importer(815301076,1909f56bfc062723c751e8b465ee728b)  -> (artifact id: '315dcb8b361b5ac81925833f0c41c7df') in 0.025089 seconds
  Import took 0.030723 seconds .

========================================================================
Received Import Request.
  Time since last request: 10.074491 seconds.
  path: Assets/Scene/gg dryya.unity
  artifactKey: Guid(0d59168f9b3a32f4483a22d3968a0492) Importer(815301076,1909f56bfc062723c751e8b465ee728b)
Start importing Assets/Scene/gg dryya.unity using Guid(0d59168f9b3a32f4483a22d3968a0492) Importer(815301076,1909f56bfc062723c751e8b465ee728b)  -> (artifact id: '68d25b03142c53ad82b7d88dc8c02fc8') in 0.025241 seconds
  Import took 0.030126 seconds .

========================================================================
Received Prepare
Refreshing native plugins compatible for Editor in 0.93 ms, found 0 plugins.
Preloading 0 native plugins for Editor in 0.00 ms.
Unloading 13 Unused Serialized files (Serialized files now loaded: 0)
System memory in use before: 45.1 MB.
System memory in use after: 45.3 MB.

Unloading 13 unused Assets to reduce memory usage. Loaded Objects now: 4002.
Total: 2.968200 ms (FindLiveObjects: 0.365600 ms CreateObjectMapping: 0.112700 ms MarkObjects: 2.396100 ms  DeleteObjects: 0.091800 ms)

========================================================================
Received Prepare
Refreshing native plugins compatible for Editor in 1.19 ms, found 0 plugins.
Preloading 0 native plugins for Editor in 0.00 ms.
Unloading 13 Unused Serialized files (Serialized files now loaded: 0)
System memory in use before: 45.1 MB.
System memory in use after: 45.3 MB.

Unloading 13 unused Assets to reduce memory usage. Loaded Objects now: 4002.
Total: 2.955000 ms (FindLiveObjects: 0.296800 ms CreateObjectMapping: 0.247500 ms MarkObjects: 2.306500 ms  DeleteObjects: 0.102700 ms)

========================================================================
Received Prepare
Refreshing native plugins compatible for Editor in 1.08 ms, found 0 plugins.
Preloading 0 native plugins for Editor in 0.00 ms.
Unloading 13 Unused Serialized files (Serialized files now loaded: 0)
System memory in use before: 45.2 MB.
System memory in use after: 45.4 MB.

Unloading 13 unused Assets to reduce memory usage. Loaded Objects now: 4002.
Total: 3.133600 ms (FindLiveObjects: 0.373100 ms CreateObjectMapping: 0.193800 ms MarkObjects: 2.471800 ms  DeleteObjects: 0.092200 ms)

========================================================================
Received Prepare
Refreshing native plugins compatible for Editor in 0.87 ms, found 0 plugins.
Preloading 0 native plugins for Editor in 0.00 ms.
Unloading 13 Unused Serialized files (Serialized files now loaded: 0)
System memory in use before: 45.3 MB.
System memory in use after: 45.5 MB.

Unloading 13 unused Assets to reduce memory usage. Loaded Objects now: 4002.
Total: 3.151900 ms (FindLiveObjects: 0.416100 ms CreateObjectMapping: 0.173200 ms MarkObjects: 2.447100 ms  DeleteObjects: 0.113700 ms)

========================================================================
Received Prepare
Refreshing native plugins compatible for Editor in 0.74 ms, found 0 plugins.
Preloading 0 native plugins for Editor in 0.00 ms.
Unloading 13 Unused Serialized files (Serialized files now loaded: 0)
System memory in use before: 45.4 MB.
System memory in use after: 45.6 MB.

Unloading 13 unused Assets to reduce memory usage. Loaded Objects now: 4002.
Total: 2.741900 ms (FindLiveObjects: 0.486100 ms CreateObjectMapping: 0.251800 ms MarkObjects: 1.916400 ms  DeleteObjects: 0.086100 ms)

========================================================================
Received Prepare
Refreshing native plugins compatible for Editor in 0.76 ms, found 0 plugins.
Preloading 0 native plugins for Editor in 0.00 ms.
Unloading 13 Unused Serialized files (Serialized files now loaded: 0)
System memory in use before: 45.5 MB.
System memory in use after: 45.7 MB.

Unloading 13 unused Assets to reduce memory usage. Loaded Objects now: 4002.
Total: 3.813800 ms (FindLiveObjects: 1.011000 ms CreateObjectMapping: 0.298700 ms MarkObjects: 2.422000 ms  DeleteObjects: 0.080600 ms)

========================================================================
Received Prepare
Refreshing native plugins compatible for Editor in 0.84 ms, found 0 plugins.
Preloading 0 native plugins for Editor in 0.00 ms.
Unloading 13 Unused Serialized files (Serialized files now loaded: 0)
System memory in use before: 45.5 MB.
System memory in use after: 45.7 MB.

Unloading 13 unused Assets to reduce memory usage. Loaded Objects now: 4002.
Total: 2.915300 ms (FindLiveObjects: 0.457900 ms CreateObjectMapping: 0.193600 ms MarkObjects: 2.168900 ms  DeleteObjects: 0.093300 ms)

AssetImportWorkerClient::OnTransportError - code=2 error=End of file
